{"message":"Unauthorized request to path: /","level":"error"}
{"message":"Unauthorized request to path: /","level":"error"}
{"message":"Unauthorized request to path: /","level":"error"}
{"message":"Unauthorized request to path: /","level":"error"}
{"message":"Unauthorized request to path: /","level":"error"}
{"message":"Unauthorized request to path: /","level":"error"}
{"message":"Unauthorized request to path: /api/users/","level":"error"}
{"message":"Unauthorized request to path: /api/users/","level":"error"}
{"message":"Unauthorized request to path: /api/auth/login","level":"error"}
{"message":"Unauthorized request to path: /api/shifts","level":"error"}
{"message":"Unauthorized request to path: /shifts","level":"error"}
{"message":"Unauthorized request to path: /shifts","level":"error"}
{"message":"Unauthorized request to path: /shifts","level":"error"}
{"message":"Unauthorized request to path: /shifts","level":"error"}
{"message":"Unauthorized request to path: /shifts","level":"error"}
{"message":"Unauthorized request to path: /shifts","level":"error"}
{"message":"Unauthorized request to path: /shifts","level":"error"}
{"message":"Unauthorized request to path: /api/shiftsuser_id=","level":"error"}
{"message":"Unauthorized request to path: /api/shiftsuser_id=2","level":"error"}
{"message":"Unauthorized request to path: /api/login","level":"error"}
{"message":"Unauthorized request to path: /api/shifts:1","level":"error"}
{"message":"Unauthorized request to path: /api/shifts:1","level":"error"}
{"message":"Unauthorized request to path: /api/shifts:undefined","level":"error"}
{"message":"Unauthorized request to path: /api/shifts:5","level":"error"}
{"message":"Unauthorized request to path: /api/shifts:5","level":"error"}
{"message":"Unauthorized request to path: /api/shifts:5","level":"error"}
{"message":"Unauthorized request to path: /api/shifts:3","level":"error"}
{"message":"Unauthorized request to path: /api/shifts:5","level":"error"}
{"message":"Unauthorized request to path: /api/shifts:6","level":"error"}
{"message":"Unauthorized request to path: /api/shifts:5","level":"error"}
{"message":"Unauthorized request to path: /api/shifts:3","level":"error"}
